Using pre-set license
Built from '2020.3/staging' branch; Version is '2020.3.5f1 (8095aa901b9b) revision 8426922'; Using compiler version '192528614'; Build Type 'Release'
OS: 'Windows 10 Home; OS build 19044.1526; Version 2009; 64bit' Language: 'en' Physical Memory: 7988 MB
BatchMode: 1, IsHumanControllingUs: 0, StartBugReporterOnCrash: 0, Is64bit: 1, IsPro: 0

 COMMAND LINE ARGUMENTS:
C:\Program Files\Unity\Hub\Editor\2020.3.5f1\Editor\Unity.exe
-adb2
-batchMode
-noUpm
-name
AssetImportWorker0
-projectPath
C:/Users/Amirashkan/Desktop/Unity/Shared Project/Backup/FMU_AR_WindFarm_BackupOPCWrite/New-Repository
-logFile
Logs/AssetImportWorker0.log
-srvPort
51700
Successfully changed project path to: C:/Users/Amirashkan/Desktop/Unity/Shared Project/Backup/FMU_AR_WindFarm_BackupOPCWrite/New-Repository
C:/Users/Amirashkan/Desktop/Unity/Shared Project/Backup/FMU_AR_WindFarm_BackupOPCWrite/New-Repository
Using Asset Import Pipeline V2.
Refreshing native plugins compatible for Editor in 161.70 ms, found 0 plugins.
Preloading 0 native plugins for Editor in 0.00 ms.
Initialize engine version: 2020.3.5f1 (8095aa901b9b)
[Subsystems] Discovering subsystems at path C:/Program Files/Unity/Hub/Editor/2020.3.5f1/Editor/Data/Resources/UnitySubsystems
[Subsystems] Discovering subsystems at path C:/Users/Amirashkan/Desktop/Unity/Shared Project/Backup/FMU_AR_WindFarm_BackupOPCWrite/New-Repository/Assets
GfxDevice: creating device client; threaded=0
Direct3D:
    Version:  Direct3D 11.0 [level 11.1]
    Renderer: NVIDIA GeForce GTX 1660 Ti with Max-Q Design (ID=0x2191)
    Vendor:   
    VRAM:     5991 MB
    Driver:   30.0.14.7141
Initialize mono
Mono path[0] = 'C:/Program Files/Unity/Hub/Editor/2020.3.5f1/Editor/Data/Managed'
Mono path[1] = 'C:/Program Files/Unity/Hub/Editor/2020.3.5f1/Editor/Data/MonoBleedingEdge/lib/mono/unityjit'
Mono config path = 'C:/Program Files/Unity/Hub/Editor/2020.3.5f1/Editor/Data/MonoBleedingEdge/etc'
Using monoOptions --debugger-agent=transport=dt_socket,embedding=1,server=y,suspend=n,address=127.0.0.1:56320
Begin MonoManager ReloadAssembly
Registering precompiled unity dll's ...
Register platform support module: C:/Program Files/Unity/Hub/Editor/2020.3.5f1/Editor/Data/PlaybackEngines/WebGLSupport/UnityEditor.WebGL.Extensions.dll
Register platform support module: C:/Program Files/Unity/Hub/Editor/2020.3.5f1/Editor/Data/PlaybackEngines/WindowsStandaloneSupport/UnityEditor.WindowsStandalone.Extensions.dll
Registered in 0.005647 seconds.
Native extension for WindowsStandalone target not found
Native extension for WebGL target not found
Refreshing native plugins compatible for Editor in 153.17 ms, found 0 plugins.
Preloading 0 native plugins for Editor in 0.00 ms.
Mono: successfully reloaded assembly
- Completed reload, in  4.307 seconds
Platform modules already initialized, skipping
Registering precompiled user dll's ...
Registered in 0.100768 seconds.
Begin MonoManager ReloadAssembly
Native extension for WindowsStandalone target not found
Native extension for WebGL target not found
Refreshing native plugins compatible for Editor in 92.01 ms, found 0 plugins.
Preloading 0 native plugins for Editor in 0.00 ms.
Mono: successfully reloaded assembly
- Completed reload, in  2.207 seconds
Platform modules already initialized, skipping
========================================================================
Worker process is ready to serve import requests
Shader 'Universal Render Pipeline/Particles/Lit': fallback shader 'Universal Render Pipeline/Particles/SimpleLit' not found
Shader 'Universal Render Pipeline/Particles/Lit': fallback shader 'Universal Render Pipeline/Particles/SimpleLit' not found
Launched and connected shader compiler UnityShaderCompiler.exe after 0.15 seconds
Refreshing native plugins compatible for Editor in 3.46 ms, found 0 plugins.
Preloading 0 native plugins for Editor in 0.00 ms.
Unloading 2576 Unused Serialized files (Serialized files now loaded: 0)
System memory in use before: 130.0 MB.
System memory in use after: 127.6 MB.

Unloading 100 unused Assets to reduce memory usage. Loaded Objects now: 2937.
Total: 20.905700 ms (FindLiveObjects: 11.203800 ms CreateObjectMapping: 0.420700 ms MarkObjects: 6.590700 ms  DeleteObjects: 2.683200 ms)

========================================================================
Received Import Request.
  path: Assets/Scripts/TurbineSetting.cs
  artifactKey: Guid(20917e2ab3ccfcf4cb00ebc644b6af49) Importer(815301076,1909f56bfc062723c751e8b465ee728b)
Start importing Assets/Scripts/TurbineSetting.cs using Guid(20917e2ab3ccfcf4cb00ebc644b6af49) Importer(815301076,1909f56bfc062723c751e8b465ee728b)  -> (artifact id: 'eddf773ff5b4408cce040ca338f4294e') in 0.064775 seconds
  Import took 0.075609 seconds .

========================================================================
Received Import Request.
  Time since last request: 10.760625 seconds.
  path: Assets/Scripts/TurbineSetting.cs
  artifactKey: Guid(20917e2ab3ccfcf4cb00ebc644b6af49) Importer(815301076,1909f56bfc062723c751e8b465ee728b)
Start importing Assets/Scripts/TurbineSetting.cs using Guid(20917e2ab3ccfcf4cb00ebc644b6af49) Importer(815301076,1909f56bfc062723c751e8b465ee728b)  -> (artifact id: '1f3379f7a7e04b2eb077082eaaf02259') in 0.006582 seconds
  Import took 0.014712 seconds .

========================================================================
Received Import Request.
  Time since last request: 28.292109 seconds.
  path: Assets/Scripts/TurbineSetting.cs
  artifactKey: Guid(20917e2ab3ccfcf4cb00ebc644b6af49) Importer(815301076,1909f56bfc062723c751e8b465ee728b)
Start importing Assets/Scripts/TurbineSetting.cs using Guid(20917e2ab3ccfcf4cb00ebc644b6af49) Importer(815301076,1909f56bfc062723c751e8b465ee728b)  -> (artifact id: '161a8c7afe2f25b1281756f43dcdb3e8') in 0.004082 seconds
  Import took 0.011657 seconds .

========================================================================
Received Prepare
Registering precompiled user dll's ...
Registered in 0.060442 seconds.
Begin MonoManager ReloadAssembly
Native extension for WindowsStandalone target not found
Native extension for WebGL target not found
Refreshing native plugins compatible for Editor in 1.32 ms, found 0 plugins.
Preloading 0 native plugins for Editor in 0.00 ms.
Mono: successfully reloaded assembly
- Completed reload, in  1.751 seconds
Platform modules already initialized, skipping
Shader 'Universal Render Pipeline/Particles/Lit': fallback shader 'Universal Render Pipeline/Particles/SimpleLit' not found
Shader 'Universal Render Pipeline/Particles/Lit': fallback shader 'Universal Render Pipeline/Particles/SimpleLit' not found
Refreshing native plugins compatible for Editor in 1.02 ms, found 0 plugins.
Preloading 0 native plugins for Editor in 0.00 ms.
Unloading 2475 Unused Serialized files (Serialized files now loaded: 0)
System memory in use before: 123.9 MB.
System memory in use after: 121.4 MB.

Unloading 95 unused Assets to reduce memory usage. Loaded Objects now: 2940.
Total: 5.651100 ms (FindLiveObjects: 0.449100 ms CreateObjectMapping: 0.176600 ms MarkObjects: 3.197300 ms  DeleteObjects: 1.826000 ms)

========================================================================
Received Prepare
Registering precompiled user dll's ...
Registered in 0.099940 seconds.
Begin MonoManager ReloadAssembly
Native extension for WindowsStandalone target not found
Native extension for WebGL target not found
Refreshing native plugins compatible for Editor in 1.08 ms, found 0 plugins.
Preloading 0 native plugins for Editor in 0.00 ms.
Mono: successfully reloaded assembly
- Completed reload, in  1.405 seconds
Platform modules already initialized, skipping
Shader 'Universal Render Pipeline/Particles/Lit': fallback shader 'Universal Render Pipeline/Particles/SimpleLit' not found
Shader 'Universal Render Pipeline/Particles/Lit': fallback shader 'Universal Render Pipeline/Particles/SimpleLit' not found
Refreshing native plugins compatible for Editor in 0.84 ms, found 0 plugins.
Preloading 0 native plugins for Editor in 0.00 ms.
Unloading 2475 Unused Serialized files (Serialized files now loaded: 0)
System memory in use before: 124.0 MB.
System memory in use after: 121.5 MB.

Unloading 95 unused Assets to reduce memory usage. Loaded Objects now: 2943.
Total: 5.961500 ms (FindLiveObjects: 0.311200 ms CreateObjectMapping: 0.163400 ms MarkObjects: 3.315700 ms  DeleteObjects: 2.169700 ms)

========================================================================
Received Import Request.
  Time since last request: 45.829994 seconds.
  path: Assets/Scripts/TurbineSetting.cs
  artifactKey: Guid(20917e2ab3ccfcf4cb00ebc644b6af49) Importer(815301076,1909f56bfc062723c751e8b465ee728b)
Start importing Assets/Scripts/TurbineSetting.cs using Guid(20917e2ab3ccfcf4cb00ebc644b6af49) Importer(815301076,1909f56bfc062723c751e8b465ee728b)  -> (artifact id: '49e46753dce25b73a1b11645d2c20735') in 0.009439 seconds
  Import took 0.016274 seconds .

========================================================================
Received Prepare
Registering precompiled user dll's ...
Registered in 0.036025 seconds.
Begin MonoManager ReloadAssembly
Native extension for WindowsStandalone target not found
Native extension for WebGL target not found
Refreshing native plugins compatible for Editor in 0.71 ms, found 0 plugins.
Preloading 0 native plugins for Editor in 0.00 ms.
Mono: successfully reloaded assembly
- Completed reload, in  2.166 seconds
Platform modules already initialized, skipping
Shader 'Universal Render Pipeline/Particles/Lit': fallback shader 'Universal Render Pipeline/Particles/SimpleLit' not found
Shader 'Universal Render Pipeline/Particles/Lit': fallback shader 'Universal Render Pipeline/Particles/SimpleLit' not found
Refreshing native plugins compatible for Editor in 0.81 ms, found 0 plugins.
Preloading 0 native plugins for Editor in 0.00 ms.
Unloading 2475 Unused Serialized files (Serialized files now loaded: 0)
System memory in use before: 124.0 MB.
System memory in use after: 121.5 MB.

Unloading 95 unused Assets to reduce memory usage. Loaded Objects now: 2946.
Total: 7.128900 ms (FindLiveObjects: 0.681300 ms CreateObjectMapping: 0.466900 ms MarkObjects: 3.696100 ms  DeleteObjects: 2.283200 ms)

========================================================================
Received Prepare
Registering precompiled user dll's ...
Registered in 0.068131 seconds.
Begin MonoManager ReloadAssembly
Native extension for WindowsStandalone target not found
Native extension for WebGL target not found
Refreshing native plugins compatible for Editor in 1.40 ms, found 0 plugins.
Preloading 0 native plugins for Editor in 0.00 ms.
Mono: successfully reloaded assembly
- Completed reload, in  1.754 seconds
Platform modules already initialized, skipping
Shader 'Universal Render Pipeline/Particles/Lit': fallback shader 'Universal Render Pipeline/Particles/SimpleLit' not found
Shader 'Universal Render Pipeline/Particles/Lit': fallback shader 'Universal Render Pipeline/Particles/SimpleLit' not found
Refreshing native plugins compatible for Editor in 1.17 ms, found 0 plugins.
Preloading 0 native plugins for Editor in 0.00 ms.
Unloading 2475 Unused Serialized files (Serialized files now loaded: 0)
System memory in use before: 124.0 MB.
System memory in use after: 121.5 MB.

Unloading 95 unused Assets to reduce memory usage. Loaded Objects now: 2949.
Total: 5.678400 ms (FindLiveObjects: 0.617800 ms CreateObjectMapping: 0.434000 ms MarkObjects: 3.031500 ms  DeleteObjects: 1.593100 ms)

========================================================================
Received Prepare
Registering precompiled user dll's ...
Registered in 0.050437 seconds.
Begin MonoManager ReloadAssembly
Native extension for WindowsStandalone target not found
Native extension for WebGL target not found
Refreshing native plugins compatible for Editor in 0.90 ms, found 0 plugins.
Preloading 0 native plugins for Editor in 0.00 ms.
Mono: successfully reloaded assembly
- Completed reload, in  1.495 seconds
Platform modules already initialized, skipping
Shader 'Universal Render Pipeline/Particles/Lit': fallback shader 'Universal Render Pipeline/Particles/SimpleLit' not found
Shader 'Universal Render Pipeline/Particles/Lit': fallback shader 'Universal Render Pipeline/Particles/SimpleLit' not found
Refreshing native plugins compatible for Editor in 1.00 ms, found 0 plugins.
Preloading 0 native plugins for Editor in 0.00 ms.
Unloading 2475 Unused Serialized files (Serialized files now loaded: 0)
System memory in use before: 124.0 MB.
System memory in use after: 121.4 MB.

Unloading 95 unused Assets to reduce memory usage. Loaded Objects now: 2952.
Total: 6.578100 ms (FindLiveObjects: 0.436500 ms CreateObjectMapping: 0.127100 ms MarkObjects: 3.767200 ms  DeleteObjects: 2.245300 ms)

========================================================================
Received Prepare
Registering precompiled user dll's ...
Registered in 0.035196 seconds.
Begin MonoManager ReloadAssembly
Native extension for WindowsStandalone target not found
Native extension for WebGL target not found
Refreshing native plugins compatible for Editor in 0.83 ms, found 0 plugins.
Preloading 0 native plugins for Editor in 0.00 ms.
Mono: successfully reloaded assembly
- Completed reload, in  1.497 seconds
Platform modules already initialized, skipping
Shader 'Universal Render Pipeline/Particles/Lit': fallback shader 'Universal Render Pipeline/Particles/SimpleLit' not found
Shader 'Universal Render Pipeline/Particles/Lit': fallback shader 'Universal Render Pipeline/Particles/SimpleLit' not found
Refreshing native plugins compatible for Editor in 0.98 ms, found 0 plugins.
Preloading 0 native plugins for Editor in 0.00 ms.
Unloading 2475 Unused Serialized files (Serialized files now loaded: 0)
System memory in use before: 124.0 MB.
System memory in use after: 121.5 MB.

Unloading 95 unused Assets to reduce memory usage. Loaded Objects now: 2955.
Total: 6.011200 ms (FindLiveObjects: 0.537200 ms CreateObjectMapping: 0.329800 ms MarkObjects: 3.146500 ms  DeleteObjects: 1.996500 ms)

========================================================================
Received Prepare
Registering precompiled user dll's ...
Registered in 0.064946 seconds.
Begin MonoManager ReloadAssembly
Native extension for WindowsStandalone target not found
Native extension for WebGL target not found
Refreshing native plugins compatible for Editor in 1.01 ms, found 0 plugins.
Preloading 0 native plugins for Editor in 0.00 ms.
Mono: successfully reloaded assembly
- Completed reload, in  1.493 seconds
Platform modules already initialized, skipping
Shader 'Universal Render Pipeline/Particles/Lit': fallback shader 'Universal Render Pipeline/Particles/SimpleLit' not found
Shader 'Universal Render Pipeline/Particles/Lit': fallback shader 'Universal Render Pipeline/Particles/SimpleLit' not found
Refreshing native plugins compatible for Editor in 1.32 ms, found 0 plugins.
Preloading 0 native plugins for Editor in 0.00 ms.
Unloading 2475 Unused Serialized files (Serialized files now loaded: 0)
System memory in use before: 124.0 MB.
System memory in use after: 121.5 MB.

Unloading 95 unused Assets to reduce memory usage. Loaded Objects now: 2958.
Total: 6.040700 ms (FindLiveObjects: 0.383500 ms CreateObjectMapping: 0.295900 ms MarkObjects: 3.503800 ms  DeleteObjects: 1.831600 ms)

========================================================================
Received Prepare
Registering precompiled user dll's ...
Registered in 0.056014 seconds.
Begin MonoManager ReloadAssembly
Native extension for WindowsStandalone target not found
Native extension for WebGL target not found
Refreshing native plugins compatible for Editor in 1.12 ms, found 0 plugins.
Preloading 0 native plugins for Editor in 0.00 ms.
Mono: successfully reloaded assembly
- Completed reload, in  1.893 seconds
Platform modules already initialized, skipping
Shader 'Universal Render Pipeline/Particles/Lit': fallback shader 'Universal Render Pipeline/Particles/SimpleLit' not found
Shader 'Universal Render Pipeline/Particles/Lit': fallback shader 'Universal Render Pipeline/Particles/SimpleLit' not found
Refreshing native plugins compatible for Editor in 1.26 ms, found 0 plugins.
Preloading 0 native plugins for Editor in 0.00 ms.
Unloading 2475 Unused Serialized files (Serialized files now loaded: 0)
System memory in use before: 124.0 MB.
System memory in use after: 121.6 MB.

Unloading 95 unused Assets to reduce memory usage. Loaded Objects now: 2961.
Total: 7.241600 ms (FindLiveObjects: 2.678600 ms CreateObjectMapping: 0.257700 ms MarkObjects: 2.614700 ms  DeleteObjects: 1.687900 ms)

========================================================================
Received Prepare
Registering precompiled user dll's ...
Registered in 0.044784 seconds.
Begin MonoManager ReloadAssembly
Native extension for WindowsStandalone target not found
Native extension for WebGL target not found
Refreshing native plugins compatible for Editor in 1.30 ms, found 0 plugins.
Preloading 0 native plugins for Editor in 0.00 ms.
Mono: successfully reloaded assembly
- Completed reload, in  2.093 seconds
Platform modules already initialized, skipping
Shader 'Universal Render Pipeline/Particles/Lit': fallback shader 'Universal Render Pipeline/Particles/SimpleLit' not found
Shader 'Universal Render Pipeline/Particles/Lit': fallback shader 'Universal Render Pipeline/Particles/SimpleLit' not found
Refreshing native plugins compatible for Editor in 1.25 ms, found 0 plugins.
Preloading 0 native plugins for Editor in 0.00 ms.
Unloading 2475 Unused Serialized files (Serialized files now loaded: 0)
System memory in use before: 124.0 MB.
System memory in use after: 121.6 MB.

Unloading 95 unused Assets to reduce memory usage. Loaded Objects now: 2964.
Total: 4.812200 ms (FindLiveObjects: 0.619400 ms CreateObjectMapping: 0.316800 ms MarkObjects: 1.943900 ms  DeleteObjects: 1.930300 ms)

========================================================================
Received Prepare
Registering precompiled user dll's ...
Registered in 0.039932 seconds.
Begin MonoManager ReloadAssembly
Native extension for WindowsStandalone target not found
Native extension for WebGL target not found
Refreshing native plugins compatible for Editor in 1.09 ms, found 0 plugins.
Preloading 0 native plugins for Editor in 0.00 ms.
Mono: successfully reloaded assembly
- Completed reload, in  2.169 seconds
Platform modules already initialized, skipping
Shader 'Universal Render Pipeline/Particles/Lit': fallback shader 'Universal Render Pipeline/Particles/SimpleLit' not found
Shader 'Universal Render Pipeline/Particles/Lit': fallback shader 'Universal Render Pipeline/Particles/SimpleLit' not found
Refreshing native plugins compatible for Editor in 1.13 ms, found 0 plugins.
Preloading 0 native plugins for Editor in 0.00 ms.
Unloading 2475 Unused Serialized files (Serialized files now loaded: 0)
System memory in use before: 123.9 MB.
System memory in use after: 121.5 MB.

Unloading 95 unused Assets to reduce memory usage. Loaded Objects now: 2967.
Total: 5.958900 ms (FindLiveObjects: 0.606900 ms CreateObjectMapping: 0.306800 ms MarkObjects: 3.249000 ms  DeleteObjects: 1.793400 ms)

========================================================================
Received Prepare
Registering precompiled user dll's ...
Registered in 0.033145 seconds.
Begin MonoManager ReloadAssembly
Native extension for WindowsStandalone target not found
Native extension for WebGL target not found
Refreshing native plugins compatible for Editor in 1.15 ms, found 0 plugins.
Preloading 0 native plugins for Editor in 0.00 ms.
Mono: successfully reloaded assembly
- Completed reload, in  1.687 seconds
Platform modules already initialized, skipping
Shader 'Universal Render Pipeline/Particles/Lit': fallback shader 'Universal Render Pipeline/Particles/SimpleLit' not found
Shader 'Universal Render Pipeline/Particles/Lit': fallback shader 'Universal Render Pipeline/Particles/SimpleLit' not found
Refreshing native plugins compatible for Editor in 1.16 ms, found 0 plugins.
Preloading 0 native plugins for Editor in 0.00 ms.
Unloading 2475 Unused Serialized files (Serialized files now loaded: 0)
System memory in use before: 124.0 MB.
System memory in use after: 121.5 MB.

Unloading 95 unused Assets to reduce memory usage. Loaded Objects now: 2970.
Total: 9.573400 ms (FindLiveObjects: 0.895300 ms CreateObjectMapping: 0.310200 ms MarkObjects: 5.796500 ms  DeleteObjects: 2.568900 ms)

========================================================================
Received Prepare
Registering precompiled user dll's ...
Registered in 0.055786 seconds.
Begin MonoManager ReloadAssembly
Native extension for WindowsStandalone target not found
Native extension for WebGL target not found
Refreshing native plugins compatible for Editor in 0.94 ms, found 0 plugins.
Preloading 0 native plugins for Editor in 0.00 ms.
Mono: successfully reloaded assembly
- Completed reload, in  1.876 seconds
Platform modules already initialized, skipping
Shader 'Universal Render Pipeline/Particles/Lit': fallback shader 'Universal Render Pipeline/Particles/SimpleLit' not found
Shader 'Universal Render Pipeline/Particles/Lit': fallback shader 'Universal Render Pipeline/Particles/SimpleLit' not found
Refreshing native plugins compatible for Editor in 1.19 ms, found 0 plugins.
Preloading 0 native plugins for Editor in 0.00 ms.
Unloading 2475 Unused Serialized files (Serialized files now loaded: 0)
System memory in use before: 124.1 MB.
System memory in use after: 121.6 MB.

Unloading 95 unused Assets to reduce memory usage. Loaded Objects now: 2973.
Total: 7.324900 ms (FindLiveObjects: 0.633900 ms CreateObjectMapping: 0.381500 ms MarkObjects: 3.828600 ms  DeleteObjects: 2.479100 ms)

========================================================================
Received Prepare
Registering precompiled user dll's ...
Registered in 0.026029 seconds.
Begin MonoManager ReloadAssembly
Native extension for WindowsStandalone target not found
Native extension for WebGL target not found
Refreshing native plugins compatible for Editor in 0.69 ms, found 0 plugins.
Preloading 0 native plugins for Editor in 0.00 ms.
Mono: successfully reloaded assembly
- Completed reload, in  1.031 seconds
Platform modules already initialized, skipping
Shader 'Universal Render Pipeline/Particles/Lit': fallback shader 'Universal Render Pipeline/Particles/SimpleLit' not found
Shader 'Universal Render Pipeline/Particles/Lit': fallback shader 'Universal Render Pipeline/Particles/SimpleLit' not found
Refreshing native plugins compatible for Editor in 0.75 ms, found 0 plugins.
Preloading 0 native plugins for Editor in 0.00 ms.
Unloading 2475 Unused Serialized files (Serialized files now loaded: 0)
System memory in use before: 124.1 MB.
System memory in use after: 121.6 MB.

Unloading 95 unused Assets to reduce memory usage. Loaded Objects now: 2976.
Total: 4.781900 ms (FindLiveObjects: 0.442300 ms CreateObjectMapping: 0.210600 ms MarkObjects: 2.293100 ms  DeleteObjects: 1.833000 ms)

========================================================================
Received Prepare
Registering precompiled user dll's ...
Registered in 0.026736 seconds.
Begin MonoManager ReloadAssembly
Native extension for WindowsStandalone target not found
Native extension for WebGL target not found
Refreshing native plugins compatible for Editor in 0.84 ms, found 0 plugins.
Preloading 0 native plugins for Editor in 0.00 ms.
Mono: successfully reloaded assembly
- Completed reload, in  1.122 seconds
Platform modules already initialized, skipping
Shader 'Universal Render Pipeline/Particles/Lit': fallback shader 'Universal Render Pipeline/Particles/SimpleLit' not found
Shader 'Universal Render Pipeline/Particles/Lit': fallback shader 'Universal Render Pipeline/Particles/SimpleLit' not found
Refreshing native plugins compatible for Editor in 0.77 ms, found 0 plugins.
Preloading 0 native plugins for Editor in 0.00 ms.
Unloading 2475 Unused Serialized files (Serialized files now loaded: 0)
System memory in use before: 124.0 MB.
System memory in use after: 121.6 MB.

Unloading 95 unused Assets to reduce memory usage. Loaded Objects now: 2979.
Total: 3.675600 ms (FindLiveObjects: 0.302400 ms CreateObjectMapping: 0.145800 ms MarkObjects: 1.825400 ms  DeleteObjects: 1.401100 ms)

========================================================================
Received Prepare
Registering precompiled user dll's ...
Registered in 0.029307 seconds.
Begin MonoManager ReloadAssembly
Native extension for WindowsStandalone target not found
Native extension for WebGL target not found
Refreshing native plugins compatible for Editor in 0.79 ms, found 0 plugins.
Preloading 0 native plugins for Editor in 0.00 ms.
Mono: successfully reloaded assembly
- Completed reload, in  1.081 seconds
Platform modules already initialized, skipping
Shader 'Universal Render Pipeline/Particles/Lit': fallback shader 'Universal Render Pipeline/Particles/SimpleLit' not found
Shader 'Universal Render Pipeline/Particles/Lit': fallback shader 'Universal Render Pipeline/Particles/SimpleLit' not found
Refreshing native plugins compatible for Editor in 0.85 ms, found 0 plugins.
Preloading 0 native plugins for Editor in 0.00 ms.
Unloading 2475 Unused Serialized files (Serialized files now loaded: 0)
System memory in use before: 124.0 MB.
System memory in use after: 121.5 MB.

Unloading 95 unused Assets to reduce memory usage. Loaded Objects now: 2982.
Total: 5.676400 ms (FindLiveObjects: 0.539000 ms CreateObjectMapping: 0.262900 ms MarkObjects: 3.116100 ms  DeleteObjects: 1.756100 ms)

========================================================================
Received Prepare
Registering precompiled user dll's ...
Registered in 0.026842 seconds.
Begin MonoManager ReloadAssembly
Native extension for WindowsStandalone target not found
Native extension for WebGL target not found
Refreshing native plugins compatible for Editor in 0.68 ms, found 0 plugins.
Preloading 0 native plugins for Editor in 0.00 ms.
Mono: successfully reloaded assembly
- Completed reload, in  1.094 seconds
Platform modules already initialized, skipping
Shader 'Universal Render Pipeline/Particles/Lit': fallback shader 'Universal Render Pipeline/Particles/SimpleLit' not found
Shader 'Universal Render Pipeline/Particles/Lit': fallback shader 'Universal Render Pipeline/Particles/SimpleLit' not found
Refreshing native plugins compatible for Editor in 0.68 ms, found 0 plugins.
Preloading 0 native plugins for Editor in 0.00 ms.
Unloading 2475 Unused Serialized files (Serialized files now loaded: 0)
System memory in use before: 124.1 MB.
System memory in use after: 121.6 MB.

Unloading 95 unused Assets to reduce memory usage. Loaded Objects now: 2985.
Total: 3.457900 ms (FindLiveObjects: 0.299300 ms CreateObjectMapping: 0.143900 ms MarkObjects: 1.672700 ms  DeleteObjects: 1.340600 ms)

AssetImportWorkerClient::OnTransportError - code=2 error=End of file
